🔄 Магазин обновлён: Пыль-гриб, Шиповник, Скин "Зомби-скелет", Скин "Розовый горох", Зомби с газетой, Скин "Ледяной горох", Скин "Стальной орех", Скин "Кактус-лучник", Скин "Призрачный"
✅ Событие "Релиз игры" активно. Заканчивается: 25.02.2026, 21:52:26
node:events:486
      throw er; // Unhandled 'error' event
      ^

Error: listen EADDRINUSE: address already in use 0.0.0.0:3000
    at Server.setupListenHandle [as _listen2] (node:net:1940:16)
    at listenInCluster (node:net:1997:12)
    at node:net:2206:7
    at process.processTicksAndRejections (node:internal/process/task_queues:89:21)
Emitted 'error' event on Server instance at:
    at emitErrorNT (node:net:1976:8)
    at process.processTicksAndRejections (node:internal/process/task_queues:89:21) {
  code: 'EADDRINUSE',
  errno: -4091,
  syscall: 'listen',
  address: '0.0.0.0',
  port: 3000
}

Node.js v24.13.1
